{"C:\\Users\\poabob\\Desktop\\Dcard\\src\\db\\mysql.js": {"path":"C:\\Users\\poabob\\Desktop\\Dcard\\src\\db\\mysql.js","statementMap":{"0":{"start":{"line":1,"column":14},"end":{"line":1,"column":30}},"1":{"start":{"line":2,"column":22},"end":{"line":2,"column":37}},"2":{"start":{"line":5,"column":21},"end":{"line":16,"column":1}},"3":{"start":{"line":6,"column":1},"end":{"line":15,"column":4}},"4":{"start":{"line":7,"column":2},"end":{"line":14,"column":3}},"5":{"start":{"line":8,"column":3},"end":{"line":8,"column":41}},"6":{"start":{"line":9,"column":3},"end":{"line":9,"column":44}},"7":{"start":{"line":10,"column":3},"end":{"line":10,"column":33}},"8":{"start":{"line":11,"column":3},"end":{"line":11,"column":17}},"9":{"start":{"line":13,"column":3},"end":{"line":13,"column":15}},"10":{"start":{"line":18,"column":13},"end":{"line":20,"column":1}},"11":{"start":{"line":19,"column":1},"end":{"line":19,"column":19}},"12":{"start":{"line":22,"column":20},"end":{"line":31,"column":1}},"13":{"start":{"line":23,"column":1},"end":{"line":30,"column":2}},"14":{"start":{"line":25,"column":2},"end":{"line":29,"column":3}},"15":{"start":{"line":26,"column":3},"end":{"line":26,"column":18}},"16":{"start":{"line":28,"column":3},"end":{"line":28,"column":35}},"17":{"start":{"line":33,"column":0},"end":{"line":37,"column":1}}},"fnMap":{"0":{"name":"(anonymous_0)","decl":{"start":{"line":5,"column":21},"end":{"line":5,"column":22}},"loc":{"start":{"line":5,"column":39},"end":{"line":16,"column":1}},"line":5},"1":{"name":"(anonymous_1)","decl":{"start":{"line":6,"column":20},"end":{"line":6,"column":21}},"loc":{"start":{"line":6,"column":41},"end":{"line":15,"column":2}},"line":6},"2":{"name":"(anonymous_2)","decl":{"start":{"line":18,"column":13},"end":{"line":18,"column":14}},"loc":{"start":{"line":18,"column":28},"end":{"line":20,"column":1}},"line":18},"3":{"name":"(anonymous_3)","decl":{"start":{"line":22,"column":20},"end":{"line":22,"column":21}},"loc":{"start":{"line":22,"column":29},"end":{"line":31,"column":1}},"line":22}},"branchMap":{"0":{"loc":{"start":{"line":23,"column":1},"end":{"line":30,"column":2}},"type":"if","locations":[{"start":{"line":23,"column":1},"end":{"line":30,"column":2}},{"start":{},"end":{}}],"line":23},"1":{"loc":{"start":{"line":25,"column":2},"end":{"line":29,"column":3}},"type":"if","locations":[{"start":{"line":25,"column":2},"end":{"line":29,"column":3}},{"start":{"line":27,"column":9},"end":{"line":29,"column":3}}],"line":25},"2":{"loc":{"start":{"line":28,"column":17},"end":{"line":28,"column":33}},"type":"binary-expr","locations":[{"start":{"line":28,"column":17},"end":{"line":28,"column":26}},{"start":{"line":28,"column":30},"end":{"line":28,"column":33}}],"line":28}},"s":{"0":1,"1":1,"2":1,"3":1,"4":1,"5":1,"6":1,"7":1,"8":0,"9":1,"10":1,"11":2,"12":1,"13":0,"14":0,"15":0,"16":0,"17":1},"f":{"0":1,"1":1,"2":2,"3":0},"b":{"0":[0,0],"1":[0,0],"2":[0,0]},"_coverageSchema":"1a1c01bbd47fc00a2c39e90264f33305004495a9","hash":"f730b93b574f0875e685f7b3f9e0839ee1a302ce"}
,"C:\\Users\\poabob\\Desktop\\Dcard\\src\\db\\redis.js": {"path":"C:\\Users\\poabob\\Desktop\\Dcard\\src\\db\\redis.js","statementMap":{"0":{"start":{"line":1,"column":14},"end":{"line":1,"column":30}},"1":{"start":{"line":2,"column":22},"end":{"line":2,"column":37}},"2":{"start":{"line":5,"column":21},"end":{"line":16,"column":1}},"3":{"start":{"line":6,"column":1},"end":{"line":15,"column":4}},"4":{"start":{"line":7,"column":2},"end":{"line":14,"column":3}},"5":{"start":{"line":8,"column":3},"end":{"line":8,"column":57}},"6":{"start":{"line":9,"column":3},"end":{"line":9,"column":49}},"7":{"start":{"line":10,"column":3},"end":{"line":10,"column":49}},"8":{"start":{"line":11,"column":3},"end":{"line":11,"column":19}},"9":{"start":{"line":13,"column":3},"end":{"line":13,"column":15}},"10":{"start":{"line":19,"column":12},"end":{"line":24,"column":1}},"11":{"start":{"line":20,"column":1},"end":{"line":22,"column":2}},"12":{"start":{"line":21,"column":2},"end":{"line":21,"column":28}},"13":{"start":{"line":23,"column":3},"end":{"line":23,"column":29}},"14":{"start":{"line":26,"column":12},"end":{"line":28,"column":1}},"15":{"start":{"line":27,"column":1},"end":{"line":27,"column":22}},"16":{"start":{"line":30,"column":0},"end":{"line":34,"column":1}}},"fnMap":{"0":{"name":"(anonymous_0)","decl":{"start":{"line":5,"column":21},"end":{"line":5,"column":22}},"loc":{"start":{"line":5,"column":39},"end":{"line":16,"column":1}},"line":5},"1":{"name":"(anonymous_1)","decl":{"start":{"line":6,"column":20},"end":{"line":6,"column":21}},"loc":{"start":{"line":6,"column":41},"end":{"line":15,"column":2}},"line":6},"2":{"name":"(anonymous_2)","decl":{"start":{"line":19,"column":12},"end":{"line":19,"column":13}},"loc":{"start":{"line":19,"column":32},"end":{"line":24,"column":1}},"line":19},"3":{"name":"(anonymous_3)","decl":{"start":{"line":26,"column":12},"end":{"line":26,"column":13}},"loc":{"start":{"line":26,"column":27},"end":{"line":28,"column":1}},"line":26}},"branchMap":{"0":{"loc":{"start":{"line":20,"column":1},"end":{"line":22,"column":2}},"type":"if","locations":[{"start":{"line":20,"column":1},"end":{"line":22,"column":2}},{"start":{},"end":{}}],"line":20}},"s":{"0":1,"1":1,"2":1,"3":1,"4":1,"5":1,"6":1,"7":1,"8":1,"9":0,"10":1,"11":2,"12":0,"13":2,"14":1,"15":2,"16":1},"f":{"0":1,"1":1,"2":2,"3":2},"b":{"0":[0,2]},"_coverageSchema":"1a1c01bbd47fc00a2c39e90264f33305004495a9","hash":"646df6cead92c5c103b3389ba38d5fce58f040e7"}
,"C:\\Users\\poabob\\Desktop\\Dcard\\src\\utils\\const.js": {"path":"C:\\Users\\poabob\\Desktop\\Dcard\\src\\utils\\const.js","statementMap":{"0":{"start":{"line":1,"column":21},"end":{"line":1,"column":22}},"1":{"start":{"line":2,"column":15},"end":{"line":67,"column":1}},"2":{"start":{"line":69,"column":0},"end":{"line":72,"column":2}}},"fnMap":{},"branchMap":{},"s":{"0":1,"1":1,"2":1},"f":{},"b":{},"_coverageSchema":"1a1c01bbd47fc00a2c39e90264f33305004495a9","hash":"86b03291e296998190148dff05d75b468147abe6"}
,"C:\\Users\\poabob\\Desktop\\Dcard\\src\\utils\\response.js": {"path":"C:\\Users\\poabob\\Desktop\\Dcard\\src\\utils\\response.js","statementMap":{"0":{"start":{"line":3,"column":2},"end":{"line":3,"column":36}},"1":{"start":{"line":3,"column":16},"end":{"line":3,"column":34}},"2":{"start":{"line":4,"column":2},"end":{"line":4,"column":44}},"3":{"start":{"line":4,"column":17},"end":{"line":4,"column":42}},"4":{"start":{"line":10,"column":2},"end":{"line":10,"column":35}},"5":{"start":{"line":10,"column":14},"end":{"line":10,"column":33}},"6":{"start":{"line":11,"column":2},"end":{"line":11,"column":41}},"7":{"start":{"line":11,"column":16},"end":{"line":11,"column":39}},"8":{"start":{"line":15,"column":0},"end":{"line":18,"column":2}}},"fnMap":{"0":{"name":"(anonymous_0)","decl":{"start":{"line":2,"column":1},"end":{"line":2,"column":2}},"loc":{"start":{"line":2,"column":32},"end":{"line":5,"column":2}},"line":2},"1":{"name":"(anonymous_1)","decl":{"start":{"line":9,"column":1},"end":{"line":9,"column":2}},"loc":{"start":{"line":9,"column":29},"end":{"line":12,"column":2}},"line":9}},"branchMap":{"0":{"loc":{"start":{"line":3,"column":2},"end":{"line":3,"column":36}},"type":"if","locations":[{"start":{"line":3,"column":2},"end":{"line":3,"column":36}},{"start":{},"end":{}}],"line":3},"1":{"loc":{"start":{"line":4,"column":2},"end":{"line":4,"column":44}},"type":"if","locations":[{"start":{"line":4,"column":2},"end":{"line":4,"column":44}},{"start":{},"end":{}}],"line":4},"2":{"loc":{"start":{"line":10,"column":2},"end":{"line":10,"column":35}},"type":"if","locations":[{"start":{"line":10,"column":2},"end":{"line":10,"column":35}},{"start":{},"end":{}}],"line":10},"3":{"loc":{"start":{"line":11,"column":2},"end":{"line":11,"column":41}},"type":"if","locations":[{"start":{"line":11,"column":2},"end":{"line":11,"column":41}},{"start":{},"end":{}}],"line":11}},"s":{"0":1,"1":1,"2":1,"3":1,"4":1,"5":1,"6":1,"7":0,"8":1},"f":{"0":1,"1":1},"b":{"0":[1,0],"1":[1,0],"2":[1,0],"3":[0,1]},"_coverageSchema":"1a1c01bbd47fc00a2c39e90264f33305004495a9","hash":"90bc43a885288659071ccfda651e43afab6504ff"}
,"C:\\Users\\poabob\\Desktop\\Dcard\\src\\utils\\url.js": {"path":"C:\\Users\\poabob\\Desktop\\Dcard\\src\\utils\\url.js","statementMap":{"0":{"start":{"line":1,"column":33},"end":{"line":1,"column":51}},"1":{"start":{"line":7,"column":27},"end":{"line":25,"column":1}},"2":{"start":{"line":8,"column":18},"end":{"line":8,"column":20}},"3":{"start":{"line":11,"column":4},"end":{"line":17,"column":5}},"4":{"start":{"line":12,"column":18},"end":{"line":12,"column":20}},"5":{"start":{"line":14,"column":8},"end":{"line":14,"column":22}},"6":{"start":{"line":15,"column":8},"end":{"line":15,"column":38}},"7":{"start":{"line":16,"column":8},"end":{"line":16,"column":31}},"8":{"start":{"line":20,"column":4},"end":{"line":22,"column":5}},"9":{"start":{"line":21,"column":8},"end":{"line":21,"column":38}},"10":{"start":{"line":24,"column":4},"end":{"line":24,"column":19}},"11":{"start":{"line":28,"column":27},"end":{"line":41,"column":1}},"12":{"start":{"line":29,"column":12},"end":{"line":29,"column":13}},"13":{"start":{"line":30,"column":13},"end":{"line":30,"column":14}},"14":{"start":{"line":32,"column":25},"end":{"line":32,"column":42}},"15":{"start":{"line":35,"column":4},"end":{"line":38,"column":5}},"16":{"start":{"line":36,"column":8},"end":{"line":36,"column":106}},"17":{"start":{"line":36,"column":40},"end":{"line":36,"column":85}},"18":{"start":{"line":37,"column":8},"end":{"line":37,"column":12}},"19":{"start":{"line":40,"column":4},"end":{"line":40,"column":14}},"20":{"start":{"line":44,"column":20},"end":{"line":54,"column":1}},"21":{"start":{"line":47,"column":4},"end":{"line":51,"column":5}},"22":{"start":{"line":48,"column":6},"end":{"line":48,"column":31}},"23":{"start":{"line":50,"column":6},"end":{"line":50,"column":19}},"24":{"start":{"line":53,"column":4},"end":{"line":53,"column":92}},"25":{"start":{"line":57,"column":23},"end":{"line":59,"column":1}},"26":{"start":{"line":58,"column":4},"end":{"line":58,"column":62}},"27":{"start":{"line":61,"column":0},"end":{"line":66,"column":2}}},"fnMap":{"0":{"name":"(anonymous_0)","decl":{"start":{"line":7,"column":27},"end":{"line":7,"column":28}},"loc":{"start":{"line":7,"column":35},"end":{"line":25,"column":1}},"line":7},"1":{"name":"(anonymous_1)","decl":{"start":{"line":28,"column":27},"end":{"line":28,"column":28}},"loc":{"start":{"line":28,"column":40},"end":{"line":41,"column":1}},"line":28},"2":{"name":"(anonymous_2)","decl":{"start":{"line":36,"column":32},"end":{"line":36,"column":33}},"loc":{"start":{"line":36,"column":40},"end":{"line":36,"column":85}},"line":36},"3":{"name":"(anonymous_3)","decl":{"start":{"line":44,"column":20},"end":{"line":44,"column":21}},"loc":{"start":{"line":44,"column":35},"end":{"line":54,"column":1}},"line":44},"4":{"name":"(anonymous_4)","decl":{"start":{"line":57,"column":23},"end":{"line":57,"column":24}},"loc":{"start":{"line":57,"column":37},"end":{"line":59,"column":1}},"line":57}},"branchMap":{"0":{"loc":{"start":{"line":53,"column":11},"end":{"line":53,"column":91}},"type":"binary-expr","locations":[{"start":{"line":53,"column":11},"end":{"line":53,"column":35}},{"start":{"line":53,"column":39},"end":{"line":53,"column":64}},{"start":{"line":53,"column":68},"end":{"line":53,"column":91}}],"line":53}},"s":{"0":1,"1":1,"2":1,"3":1,"4":1,"5":1,"6":1,"7":1,"8":1,"9":4,"10":1,"11":1,"12":1,"13":1,"14":1,"15":1,"16":5,"17":6,"18":5,"19":1,"20":1,"21":2,"22":2,"23":1,"24":1,"25":1,"26":2,"27":1},"f":{"0":1,"1":1,"2":6,"3":2,"4":2},"b":{"0":[1,0,0]},"_coverageSchema":"1a1c01bbd47fc00a2c39e90264f33305004495a9","hash":"eb9cc31d4a73404ec4ee4ccacbf1a57605289b52"}
}
