TN:
SF:src\db\mysql.js
FN:5,(anonymous_0)
FN:6,(anonymous_1)
FN:18,(anonymous_2)
FN:22,(anonymous_3)
FNF:4
FNH:3
FNDA:1,(anonymous_0)
FNDA:1,(anonymous_1)
FNDA:2,(anonymous_2)
FNDA:0,(anonymous_3)
DA:1,1
DA:2,1
DA:5,1
DA:6,1
DA:7,1
DA:8,1
DA:9,1
DA:10,1
DA:11,0
DA:13,1
DA:18,1
DA:19,2
DA:22,1
DA:23,0
DA:25,0
DA:26,0
DA:28,0
DA:33,1
LF:18
LH:13
BRDA:23,0,0,0
BRDA:23,0,1,0
BRDA:25,1,0,0
BRDA:25,1,1,0
BRDA:28,2,0,0
BRDA:28,2,1,0
BRF:6
BRH:0
end_of_record
TN:
SF:src\db\redis.js
FN:5,(anonymous_0)
FN:6,(anonymous_1)
FN:19,(anonymous_2)
FN:26,(anonymous_3)
FNF:4
FNH:4
FNDA:1,(anonymous_0)
FNDA:1,(anonymous_1)
FNDA:2,(anonymous_2)
FNDA:2,(anonymous_3)
DA:1,1
DA:2,1
DA:5,1
DA:6,1
DA:7,1
DA:8,1
DA:9,1
DA:10,1
DA:11,1
DA:13,0
DA:19,1
DA:20,2
DA:21,0
DA:23,2
DA:26,1
DA:27,2
DA:30,1
LF:17
LH:15
BRDA:20,0,0,0
BRDA:20,0,1,2
BRF:2
BRH:1
end_of_record
TN:
SF:src\utils\const.js
FNF:0
FNH:0
DA:1,1
DA:2,1
DA:69,1
LF:3
LH:3
BRF:0
BRH:0
end_of_record
TN:
SF:src\utils\response.js
FN:2,(anonymous_0)
FN:9,(anonymous_1)
FNF:2
FNH:2
FNDA:1,(anonymous_0)
FNDA:1,(anonymous_1)
DA:3,1
DA:4,1
DA:10,1
DA:11,1
DA:15,1
LF:5
LH:5
BRDA:3,0,0,1
BRDA:3,0,1,0
BRDA:4,1,0,1
BRDA:4,1,1,0
BRDA:10,2,0,1
BRDA:10,2,1,0
BRDA:11,3,0,0
BRDA:11,3,1,1
BRF:8
BRH:4
end_of_record
TN:
SF:src\utils\url.js
FN:7,(anonymous_0)
FN:28,(anonymous_1)
FN:36,(anonymous_2)
FN:44,(anonymous_3)
FN:57,(anonymous_4)
FNF:5
FNH:5
FNDA:1,(anonymous_0)
FNDA:1,(anonymous_1)
FNDA:6,(anonymous_2)
FNDA:2,(anonymous_3)
FNDA:2,(anonymous_4)
DA:1,1
DA:7,1
DA:8,1
DA:11,1
DA:12,1
DA:14,1
DA:15,1
DA:16,1
DA:20,1
DA:21,4
DA:24,1
DA:28,1
DA:29,1
DA:30,1
DA:32,1
DA:35,1
DA:36,6
DA:37,5
DA:40,1
DA:44,1
DA:47,2
DA:48,2
DA:50,1
DA:53,1
DA:57,1
DA:58,2
DA:61,1
LF:27
LH:27
BRDA:53,0,0,1
BRDA:53,0,1,0
BRDA:53,0,2,0
BRF:3
BRH:1
end_of_record
